#
# There is insufficient memory for the Java Runtime Environment to continue.
# Native memory allocation (malloc) failed to allocate 1881632 bytes. Error detail: Chunk::new
# Possible reasons:
#   The system is out of physical RAM or swap space
#   This process is running with CompressedOops enabled, and the Java Heap may be blocking the growth of the native heap
# Possible solutions:
#   Reduce memory load on the system
#   Increase physical memory or swap space
#   Check if swap backing store is full
#   Decrease Java heap size (-Xmx/-Xms)
#   Decrease number of Java threads
#   Decrease Java thread stack sizes (-Xss)
#   Set larger code cache with -XX:ReservedCodeCacheSize=
#   JVM is running with Unscaled Compressed Oops mode in which the Java heap is
#     placed in the first 4GB address space. The Java Heap base address is the
#     maximum limit for the native heap growth. Please use -XX:HeapBaseMinAddress
#     to set the Java Heap base and to place the Java Heap above 4GB virtual address.
# This output file may be truncated or incomplete.
#
#  Out of Memory Error (arena.cpp:168), pid=23644, tid=2452
#
# JRE version: OpenJDK Runtime Environment Temurin-21.0.8+9 (21.0.8+9) (build 21.0.8+9-LTS)
# Java VM: OpenJDK 64-Bit Server VM Temurin-21.0.8+9 (21.0.8+9-LTS, mixed mode, sharing, tiered, compressed oops, compressed class ptrs, parallel gc, windows-amd64)
# No core dump will be written. Minidumps are not enabled by default on client versions of Windows
#

---------------  S U M M A R Y ------------

Command Line: --add-modules=ALL-SYSTEM --add-opens=java.base/java.util=ALL-UNNAMED --add-opens=java.base/java.lang=ALL-UNNAMED --add-opens=java.base/sun.nio.fs=ALL-UNNAMED -Declipse.application=org.eclipse.jdt.ls.core.id1 -Dosgi.bundles.defaultStartLevel=4 -Declipse.product=org.eclipse.jdt.ls.core.product -Djava.import.generatesMetadataFilesAtProjectRoot=false -DDetectVMInstallationsJob.disabled=true -Dfile.encoding=utf8 -XX:+UseParallelGC -XX:GCTimeRatio=4 -XX:AdaptiveSizePolicyWeight=90 -Dsun.zip.disableMemoryMapping=true -Xmx2G -Xms100m -Xlog:disable -javaagent:c:\Users\Canopus\.vscode\extensions\redhat.java-1.46.0-win32-x64\lombok\lombok-1.18.39-4050.jar -XX:+HeapDumpOnOutOfMemoryError -XX:HeapDumpPath=c:\Users\Canopus\AppData\Roaming\Code\User\workspaceStorage\d12993da568a089f16ae6b2385ccd566\redhat.java -Daether.dependencyCollector.impl=bf c:\Users\Canopus\.vscode\extensions\redhat.java-1.46.0-win32-x64\server\plugins\org.eclipse.equinox.launcher_1.7.0.v20250519-0528.jar -configuration c:\Users\Canopus\AppData\Roaming\Code\User\globalStorage\redhat.java\1.46.0\config_win -data c:\Users\Canopus\AppData\Roaming\Code\User\workspaceStorage\d12993da568a089f16ae6b2385ccd566\redhat.java\jdt_ws --pipe=\\.\pipe\lsp-09f6f80fa566b10cd914994cc64a13c7-sock

Host: AMD Ryzen 7 5700U with Radeon Graphics         , 16 cores, 13G,  Windows 11 , 64 bit Build 26100 (10.0.26100.5074)
Time: Tue Oct 14 19:55:12 2025 Hora estándar del Este (México) elapsed time: 59.649728 seconds (0d 0h 0m 59s)

---------------  T H R E A D  ---------------

Current thread (0x0000016de1decf90):  JavaThread "C2 CompilerThread1" daemon [_thread_in_native, id=2452, stack(0x00000054b3e00000,0x00000054b3f00000) (1024K)]


Current CompileTask:
C2:59649 7110   !   4       org.eclipse.osgi.internal.loader.classpath.ClasspathManager::defineClass (636 bytes)

Stack: [0x00000054b3e00000,0x00000054b3f00000]
Native frames: (J=compiled Java code, j=interpreted, Vv=VM code, C=native code)
V  [jvm.dll+0x6d2449]
V  [jvm.dll+0x8ae341]
V  [jvm.dll+0x8b08be]
V  [jvm.dll+0x8b0fa3]
V  [jvm.dll+0x280c96]
V  [jvm.dll+0xc581d]
V  [jvm.dll+0xc5d53]
V  [jvm.dll+0x3b919c]
V  [jvm.dll+0x385315]
V  [jvm.dll+0x38477a]
V  [jvm.dll+0x248ed0]
V  [jvm.dll+0x2484af]
V  [jvm.dll+0x1c89ee]
V  [jvm.dll+0x257d4d]
V  [jvm.dll+0x2562ea]
V  [jvm.dll+0x3f2d16]
V  [jvm.dll+0x857e6b]
V  [jvm.dll+0x6d0b0d]
C  [ucrtbase.dll+0x37b0]
C  [KERNEL32.DLL+0x2e8d7]
C  [ntdll.dll+0x8d9c]


---------------  P R O C E S S  ---------------

Threads class SMR info:
_java_thread_list=0x0000016de28933a0, length=50, elements={
0x0000016d8234fce0, 0x0000016d823f31c0, 0x0000016d823f50d0, 0x0000016d823f7c20,
0x0000016ddb1a4fc0, 0x0000016d823fbb90, 0x0000016d823fe690, 0x0000016d82407d70,
0x0000016ddb1c6340, 0x0000016ddb281290, 0x0000016ddb42ce80, 0x0000016de1b2c400,
0x0000016de15baad0, 0x0000016de10e5120, 0x0000016ddb275170, 0x0000016de15b8520,
0x0000016de17aec00, 0x0000016de21000d0, 0x0000016de2101b10, 0x0000016de2100760,
0x0000016de2100df0, 0x0000016de2101480, 0x0000016de1decf90, 0x0000016de20ff3b0,
0x0000016de2102830, 0x0000016de20ffa40, 0x0000016de428f610, 0x0000016de4290330,
0x0000016de428fca0, 0x0000016de4293e40, 0x0000016de4292a90, 0x0000016de4291050,
0x0000016de42937b0, 0x0000016de42909c0, 0x0000016de42944d0, 0x0000016de42916e0,
0x0000016de4294b60, 0x0000016de4293120, 0x0000016de4291d70, 0x0000016de4295880,
0x0000016de42951f0, 0x0000016de4292400, 0x0000016de42965a0, 0x0000016de4295f10,
0x0000016de4296c30, 0x0000016de4526810, 0x0000016de4524740, 0x0000016de4526ea0,
0x0000016de5733270, 0x0000016de5734db0
}

Java Threads: ( => current thread )
  0x0000016d8234fce0 JavaThread "main"                              [_thread_blocked, id=11016, stack(0x00000054b1600000,0x00000054b1700000) (1024K)]
  0x0000016d823f31c0 JavaThread "Reference Handler"          daemon [_thread_blocked, id=11308, stack(0x00000054b1a00000,0x00000054b1b00000) (1024K)]
  0x0000016d823f50d0 JavaThread "Finalizer"                  daemon [_thread_blocked, id=25264, stack(0x00000054b1b00000,0x00000054b1c00000) (1024K)]
  0x0000016d823f7c20 JavaThread "Signal Dispatcher"          daemon [_thread_blocked, id=18812, stack(0x00000054b1c00000,0x00000054b1d00000) (1024K)]
  0x0000016ddb1a4fc0 JavaThread "Attach Listener"            daemon [_thread_blocked, id=19836, stack(0x00000054b1d00000,0x00000054b1e00000) (1024K)]
  0x0000016d823fbb90 JavaThread "Service Thread"             daemon [_thread_blocked, id=23172, stack(0x00000054b1e00000,0x00000054b1f00000) (1024K)]
  0x0000016d823fe690 JavaThread "Monitor Deflation Thread"   daemon [_thread_blocked, id=24016, stack(0x00000054b1f00000,0x00000054b2000000) (1024K)]
  0x0000016d82407d70 JavaThread "C2 CompilerThread0"         daemon [_thread_blocked, id=11864, stack(0x00000054b2000000,0x00000054b2100000) (1024K)]
  0x0000016ddb1c6340 JavaThread "C1 CompilerThread0"         daemon [_thread_blocked, id=18752, stack(0x00000054b2100000,0x00000054b2200000) (1024K)]
  0x0000016ddb281290 JavaThread "Common-Cleaner"             daemon [_thread_blocked, id=17076, stack(0x00000054b2200000,0x00000054b2300000) (1024K)]
  0x0000016ddb42ce80 JavaThread "Notification Thread"        daemon [_thread_blocked, id=28984, stack(0x00000054b2400000,0x00000054b2500000) (1024K)]
  0x0000016de1b2c400 JavaThread "Active Thread: Equinox Container: f3da689a-3dc7-45ab-baea-a07fc91316b7"        [_thread_blocked, id=27488, stack(0x00000054b2e00000,0x00000054b2f00000) (1024K)]
  0x0000016de15baad0 JavaThread "Refresh Thread: Equinox Container: f3da689a-3dc7-45ab-baea-a07fc91316b7" daemon [_thread_blocked, id=21944, stack(0x00000054b2300000,0x00000054b2400000) (1024K)]
  0x0000016de10e5120 JavaThread "Framework Event Dispatcher: Equinox Container: f3da689a-3dc7-45ab-baea-a07fc91316b7" daemon [_thread_blocked, id=29676, stack(0x00000054b2500000,0x00000054b2600000) (1024K)]
  0x0000016ddb275170 JavaThread "Start Level: Equinox Container: f3da689a-3dc7-45ab-baea-a07fc91316b7" daemon [_thread_blocked, id=8084, stack(0x00000054b2600000,0x00000054b2700000) (1024K)]
  0x0000016de15b8520 JavaThread "Bundle File Closer"         daemon [_thread_blocked, id=7496, stack(0x00000054b3400000,0x00000054b3500000) (1024K)]
  0x0000016de17aec00 JavaThread "SCR Component Actor"        daemon [_thread_blocked, id=29180, stack(0x00000054b3500000,0x00000054b3600000) (1024K)]
  0x0000016de21000d0 JavaThread "Worker-JM"                         [_thread_blocked, id=17412, stack(0x00000054b3600000,0x00000054b3700000) (1024K)]
  0x0000016de2101b10 JavaThread "Worker-0: Initialize Workspace"        [_thread_in_native, id=14872, stack(0x00000054b3900000,0x00000054b3a00000) (1024K)]
  0x0000016de2100760 JavaThread "Worker-1"                          [_thread_blocked, id=1020, stack(0x00000054b3a00000,0x00000054b3b00000) (1024K)]
  0x0000016de2100df0 JavaThread "Worker-2"                          [_thread_blocked, id=25836, stack(0x00000054b3c00000,0x00000054b3d00000) (1024K)]
  0x0000016de2101480 JavaThread "Worker-3"                          [_thread_blocked, id=7888, stack(0x00000054b3d00000,0x00000054b3e00000) (1024K)]
=>0x0000016de1decf90 JavaThread "C2 CompilerThread1"         daemon [_thread_in_native, id=2452, stack(0x00000054b3e00000,0x00000054b3f00000) (1024K)]
  0x0000016de20ff3b0 JavaThread "Java indexing"              daemon [_thread_blocked, id=3168, stack(0x00000054b4000000,0x00000054b4100000) (1024K)]
  0x0000016de2102830 JavaThread "JNA Cleaner"                daemon [_thread_blocked, id=18388, stack(0x00000054b4100000,0x00000054b4200000) (1024K)]
  0x0000016de20ffa40 JavaThread "Worker-4"                          [_thread_blocked, id=29488, stack(0x00000054b4500000,0x00000054b4600000) (1024K)]
  0x0000016de428f610 JavaThread "Worker-5"                          [_thread_blocked, id=2316, stack(0x00000054b4600000,0x00000054b4700000) (1024K)]
  0x0000016de4290330 JavaThread "Thread-1"                   daemon [_thread_in_native, id=11288, stack(0x00000054b4700000,0x00000054b4800000) (1024K)]
  0x0000016de428fca0 JavaThread "Thread-2"                   daemon [_thread_in_native, id=26228, stack(0x00000054b4800000,0x00000054b4900000) (1024K)]
  0x0000016de4293e40 JavaThread "Thread-3"                   daemon [_thread_in_native, id=28516, stack(0x00000054b4900000,0x00000054b4a00000) (1024K)]
  0x0000016de4292a90 JavaThread "Thread-4"                   daemon [_thread_in_native, id=18352, stack(0x00000054b4a00000,0x00000054b4b00000) (1024K)]
  0x0000016de4291050 JavaThread "Thread-5"                   daemon [_thread_in_native, id=22008, stack(0x00000054b4b00000,0x00000054b4c00000) (1024K)]
  0x0000016de42937b0 JavaThread "Thread-6"                   daemon [_thread_in_native, id=3604, stack(0x00000054b4c00000,0x00000054b4d00000) (1024K)]
  0x0000016de42909c0 JavaThread "Thread-7"                   daemon [_thread_in_native, id=13164, stack(0x00000054b4d00000,0x00000054b4e00000) (1024K)]
  0x0000016de42944d0 JavaThread "Thread-8"                   daemon [_thread_in_native, id=952, stack(0x00000054b4e00000,0x00000054b4f00000) (1024K)]
  0x0000016de42916e0 JavaThread "Thread-9"                   daemon [_thread_in_native, id=20840, stack(0x00000054b4f00000,0x00000054b5000000) (1024K)]
  0x0000016de4294b60 JavaThread "Thread-10"                  daemon [_thread_in_native, id=22980, stack(0x00000054b5000000,0x00000054b5100000) (1024K)]
  0x0000016de4293120 JavaThread "Thread-11"                  daemon [_thread_in_native, id=16364, stack(0x00000054b5100000,0x00000054b5200000) (1024K)]
  0x0000016de4291d70 JavaThread "Thread-12"                  daemon [_thread_in_native, id=26288, stack(0x00000054b5200000,0x00000054b5300000) (1024K)]
  0x0000016de4295880 JavaThread "Thread-13"                  daemon [_thread_in_native, id=20808, stack(0x00000054b5300000,0x00000054b5400000) (1024K)]
  0x0000016de42951f0 JavaThread "Thread-14"                  daemon [_thread_in_native, id=28372, stack(0x00000054b5400000,0x00000054b5500000) (1024K)]
  0x0000016de4292400 JavaThread "Thread-15"                  daemon [_thread_in_native, id=8624, stack(0x00000054b5500000,0x00000054b5600000) (1024K)]
  0x0000016de42965a0 JavaThread "Thread-16"                  daemon [_thread_in_native, id=27660, stack(0x00000054b5600000,0x00000054b5700000) (1024K)]
  0x0000016de4295f10 JavaThread "Thread-17"                  daemon [_thread_in_native, id=26908, stack(0x00000054b5700000,0x00000054b5800000) (1024K)]
  0x0000016de4296c30 JavaThread "pool-2-thread-1"                   [_thread_blocked, id=26668, stack(0x00000054b5800000,0x00000054b5900000) (1024K)]
  0x0000016de4526810 JavaThread "WorkspaceEventsHandler"            [_thread_blocked, id=22604, stack(0x00000054b5900000,0x00000054b5a00000) (1024K)]
  0x0000016de4524740 JavaThread "pool-1-thread-1"                   [_thread_blocked, id=1580, stack(0x00000054b5a00000,0x00000054b5b00000) (1024K)]
  0x0000016de4526ea0 JavaThread "Keep-Alive-Timer"           daemon [_thread_blocked, id=19256, stack(0x00000054b3f00000,0x00000054b4000000) (1024K)]
  0x0000016de5733270 JavaThread "C2 CompilerThread2"         daemon [_thread_in_native, id=27932, stack(0x00000054b5c00000,0x00000054b5d00000) (1024K)]
  0x0000016de5734db0 JavaThread "C2 CompilerThread3"         daemon [_thread_in_native, id=25828, stack(0x00000054b5d00000,0x00000054b5e00000) (1024K)]
Total: 50

Other Threads:
  0x0000016d822e4130 VMThread "VM Thread"                           [id=19096, stack(0x00000054b1900000,0x00000054b1a00000) (1024K)]
  0x0000016d821dca10 WatcherThread "VM Periodic Task Thread"        [id=21448, stack(0x00000054b1800000,0x00000054b1900000) (1024K)]
  0x0000016d8236e430 WorkerThread "GC Thread#0"                     [id=27640, stack(0x00000054b1700000,0x00000054b1800000) (1024K)]
  0x0000016de163e510 WorkerThread "GC Thread#1"                     [id=27280, stack(0x00000054b2800000,0x00000054b2900000) (1024K)]
  0x0000016de19068c0 WorkerThread "GC Thread#2"                     [id=26648, stack(0x00000054b2900000,0x00000054b2a00000) (1024K)]
  0x0000016de15f1d80 WorkerThread "GC Thread#3"                     [id=18292, stack(0x00000054b2a00000,0x00000054b2b00000) (1024K)]
  0x0000016de15f2120 WorkerThread "GC Thread#4"                     [id=17232, stack(0x00000054b2b00000,0x00000054b2c00000) (1024K)]
  0x0000016de1163e10 WorkerThread "GC Thread#5"                     [id=8360, stack(0x00000054b2c00000,0x00000054b2d00000) (1024K)]
  0x0000016de143bbd0 WorkerThread "GC Thread#6"                     [id=8800, stack(0x00000054b2d00000,0x00000054b2e00000) (1024K)]
  0x0000016de1c25de0 WorkerThread "GC Thread#7"                     [id=23760, stack(0x00000054b2700000,0x00000054b2800000) (1024K)]
  0x0000016de14e3d00 WorkerThread "GC Thread#8"                     [id=15320, stack(0x00000054b3100000,0x00000054b3200000) (1024K)]
  0x0000016de1e73300 WorkerThread "GC Thread#9"                     [id=6940, stack(0x00000054b3200000,0x00000054b3300000) (1024K)]
  0x0000016de1e73de0 WorkerThread "GC Thread#10"                    [id=28656, stack(0x00000054b3300000,0x00000054b3400000) (1024K)]
  0x0000016de1e73a40 WorkerThread "GC Thread#11"                    [id=22936, stack(0x00000054b3000000,0x00000054b3100000) (1024K)]
  0x0000016de1e72480 WorkerThread "GC Thread#12"                    [id=24648, stack(0x00000054b3700000,0x00000054b3800000) (1024K)]
Total: 15

Threads with active compile tasks:
C2 CompilerThread0  60671 7319 %     4       java.util.regex.Pattern$CharPropertyGreedy::match @ 97 (160 bytes)
C2 CompilerThread1  60671 7110   !   4       org.eclipse.osgi.internal.loader.classpath.ClasspathManager::defineClass (636 bytes)
C2 CompilerThread2  60671 7221   !   4       org.eclipse.osgi.internal.loader.BundleLoader::findRequiredSource (283 bytes)
C2 CompilerThread3  60671 7251       4       java.lang.invoke.MethodType::makeImpl (109 bytes)
Total: 4

VM state: not at safepoint (normal execution)

VM Mutex/Monitor currently owned by a thread: None

Heap address: 0x0000000080000000, size: 2048 MB, Compressed Oops mode: 32-bit

CDS archive(s) mapped at: [0x0000016d99000000-0x0000016d99ba0000-0x0000016d99ba0000), size 12189696, SharedBaseAddress: 0x0000016d99000000, ArchiveRelocationMode: 1.
Compressed class space mapped at: 0x0000016d9a000000-0x0000016dda000000, reserved size: 1073741824
Narrow klass base: 0x0000016d99000000, Narrow klass shift: 0, Narrow klass range: 0x100000000

GC Precious Log:
 CardTable entry size: 512
 CPUs: 16 total, 16 available
 Memory: 14197M
 Large Page Support: Disabled
 NUMA Support: Disabled
 Compressed Oops: Enabled (32-bit)
 Alignments: Space 512K, Generation 512K, Heap 2M
 Heap Min Capacity: 100M
 Heap Initial Capacity: 100M
 Heap Max Capacity: 2G
 Pre-touch: Disabled
 Parallel Workers: 13

Heap:
 PSYoungGen      total 23552K, used 23117K [0x00000000d5580000, 0x00000000d7000000, 0x0000000100000000)
  eden space 22016K, 98% used [0x00000000d5580000,0x00000000d6ac8c10,0x00000000d6b00000)
  from space 1536K, 86% used [0x00000000d6e80000,0x00000000d6fcab00,0x00000000d7000000)
  to   space 1536K, 0% used [0x00000000d6d00000,0x00000000d6d00000,0x00000000d6e80000)
 ParOldGen       total 68608K, used 23040K [0x0000000080000000, 0x0000000084300000, 0x00000000d5580000)
  object space 68608K, 33% used [0x0000000080000000,0x0000000081680050,0x0000000084300000)
 Metaspace       used 50626K, committed 51840K, reserved 1114112K
  class space    used 5560K, committed 6080K, reserved 1048576K

Card table byte_map: [0x0000016d81cf0000,0x0000016d82100000] _byte_map_base: 0x0000016d818f0000

Marking Bits: (ParMarkBitMap*) 0x00007ff91514a340
 Begin Bits: [0x0000016d947f0000, 0x0000016d967f0000)
 End Bits:   [0x0000016d967f0000, 0x0000016d987f0000)

Polling page: 0x0000016d80180000

Metaspace:

Usage:
  Non-class:     44.01 MB used.
      Class:      5.43 MB used.
       Both:     49.44 MB used.

Virtual space:
  Non-class space:       64.00 MB reserved,      44.69 MB ( 70%) committed,  1 nodes.
      Class space:        1.00 GB reserved,       5.94 MB ( <1%) committed,  1 nodes.
             Both:        1.06 GB reserved,      50.62 MB (  5%) committed. 

Chunk freelists:
   Non-Class:  2.42 MB
       Class:  10.08 MB
        Both:  12.50 MB

MaxMetaspaceSize: unlimited
CompressedClassSpaceSize: 1.00 GB
Initial GC threshold: 21.00 MB
Current GC threshold: 58.38 MB
CDS: on
 - commit_granule_bytes: 65536.
 - commit_granule_words: 8192.
 - virtual_space_node_default_size: 8388608.
 - enlarge_chunks_in_place: 1.
 - use_allocation_guard: 0.


Internal statistics:

num_allocs_failed_limit: 10.
num_arena_births: 786.
num_arena_deaths: 14.
num_vsnodes_births: 2.
num_vsnodes_deaths: 0.
num_space_committed: 810.
num_space_uncommitted: 0.
num_chunks_returned_to_freelist: 24.
num_chunks_taken_from_freelist: 2935.
num_chunk_merges: 13.
num_chunk_splits: 1746.
num_chunks_enlarged: 924.
num_inconsistent_stats: 0.

CodeHeap 'non-profiled nmethods': size=119168Kb used=3168Kb max_used=3168Kb free=115999Kb
 bounds [0x0000016d8d0e0000, 0x0000016d8d400000, 0x0000016d94540000]
CodeHeap 'profiled nmethods': size=119104Kb used=14532Kb max_used=14532Kb free=104572Kb
 bounds [0x0000016d85540000, 0x0000016d86380000, 0x0000016d8c990000]
CodeHeap 'non-nmethods': size=7488Kb used=1401Kb max_used=3143Kb free=6086Kb
 bounds [0x0000016d8c990000, 0x0000016d8ccc0000, 0x0000016d8d0e0000]
CodeCache: size=245760Kb, used=19101Kb, max_used=20843Kb, free=226657Kb
 total_blobs=7406, nmethods=6704, adapters=608, full_count=0
Compilation: enabled, stopped_count=0, restarted_count=0

Compilation events (20 events):
Event: 58.563 Thread 0x0000016ddb1c6340 7266       3       java.util.regex.Pattern::skip (23 bytes)
Event: 58.564 Thread 0x0000016ddb1c6340 nmethod 7266 0x0000016d8634d110 code [0x0000016d8634d2c0, 0x0000016d8634d408]
Event: 58.569 Thread 0x0000016de226d7c0 7268       3       java.util.regex.Pattern::escape (1306 bytes)
Event: 58.578 Thread 0x0000016d82407d70 nmethod 7120 0x0000016d8d3e9390 code [0x0000016d8d3e98e0, 0x0000016d8d3ec608]
Event: 58.578 Thread 0x0000016d82407d70 7258       4       java.lang.Character::toLowerCase (9 bytes)
Event: 58.580 Thread 0x0000016d82407d70 nmethod 7258 0x0000016d8d3ee390 code [0x0000016d8d3ee520, 0x0000016d8d3ee638]
Event: 58.580 Thread 0x0000016d82407d70 7214       4       java.lang.invoke.DirectMethodHandle$Holder::newInvokeSpecial (21 bytes)
Event: 58.581 Thread 0x0000016de226d7c0 nmethod 7268 0x0000016d8634d510 code [0x0000016d8634dfe0, 0x0000016d863541f0]
Event: 58.583 Thread 0x0000016d82407d70 nmethod 7214 0x0000016d8d3ee710 code [0x0000016d8d3ee8c0, 0x0000016d8d3eeaf0]
Event: 58.584 Thread 0x0000016d82407d70 7224       4       java.util.Objects::equals (23 bytes)
Event: 58.585 Thread 0x0000016d82407d70 nmethod 7224 0x0000016d8d3eec90 code [0x0000016d8d3eee20, 0x0000016d8d3eeec8]
Event: 58.585 Thread 0x0000016d82407d70 7254       4       org.eclipse.osgi.container.ModuleRevision::getWiring (12 bytes)
Event: 58.623 Thread 0x0000016de226d7c0 7269       3       java.util.regex.Pattern$CharPropertyGreedy::<init> (18 bytes)
Event: 58.624 Thread 0x0000016de226d7c0 nmethod 7269 0x0000016d86355890 code [0x0000016d86355a40, 0x0000016d86355c48]
Event: 58.624 Thread 0x0000016de226d7c0 7270       3       java.lang.Throwable::<init> (29 bytes)
Event: 58.624 Thread 0x0000016ddb1c6340 7271       3       java.lang.Exception::<init> (5 bytes)
Event: 58.624 Thread 0x0000016de226d7c0 nmethod 7270 0x0000016d86355d90 code [0x0000016d86355f40, 0x0000016d863561b8]
Event: 58.624 Thread 0x0000016ddb1c6340 nmethod 7271 0x0000016d86356290 code [0x0000016d86356460, 0x0000016d86356730]
Event: 58.825 Thread 0x0000016de226d7c0 7272   !   3       org.eclipse.core.internal.jobs.JobManager::withWriteLock (70 bytes)
Event: 58.826 Thread 0x0000016de226d7c0 nmethod 7272 0x0000016d86356810 code [0x0000016d86356a20, 0x0000016d86357038]

GC Heap History (20 events):
Event: 53.494 GC heap before
{Heap before GC invocations=11 (full 1):
 PSYoungGen      total 25600K, used 24334K [0x00000000d5580000, 0x00000000d7300000, 0x0000000100000000)
  eden space 23552K, 100% used [0x00000000d5580000,0x00000000d6c80000,0x00000000d6c80000)
  from space 2048K, 38% used [0x00000000d6f00000,0x00000000d6fc3ac8,0x00000000d7100000)
  to   space 1024K, 0% used [0x00000000d7200000,0x00000000d7200000,0x00000000d7300000)
 ParOldGen       total 68608K, used 13340K [0x0000000080000000, 0x0000000084300000, 0x00000000d5580000)
  object space 68608K, 19% used [0x0000000080000000,0x0000000080d070e8,0x0000000084300000)
 Metaspace       used 28069K, committed 28928K, reserved 1114112K
  class space    used 2819K, committed 3200K, reserved 1048576K
}
Event: 53.498 GC heap after
{Heap after GC invocations=11 (full 1):
 PSYoungGen      total 24576K, used 814K [0x00000000d5580000, 0x00000000d7300000, 0x0000000100000000)
  eden space 23552K, 0% used [0x00000000d5580000,0x00000000d5580000,0x00000000d6c80000)
  from space 1024K, 79% used [0x00000000d7200000,0x00000000d72cb890,0x00000000d7300000)
  to   space 1024K, 0% used [0x00000000d7100000,0x00000000d7100000,0x00000000d7200000)
 ParOldGen       total 68608K, used 15126K [0x0000000080000000, 0x0000000084300000, 0x00000000d5580000)
  object space 68608K, 22% used [0x0000000080000000,0x0000000080ec5b08,0x0000000084300000)
 Metaspace       used 28069K, committed 28928K, reserved 1114112K
  class space    used 2819K, committed 3200K, reserved 1048576K
}
Event: 53.980 GC heap before
{Heap before GC invocations=12 (full 1):
 PSYoungGen      total 24576K, used 24366K [0x00000000d5580000, 0x00000000d7300000, 0x0000000100000000)
  eden space 23552K, 100% used [0x00000000d5580000,0x00000000d6c80000,0x00000000d6c80000)
  from space 1024K, 79% used [0x00000000d7200000,0x00000000d72cb890,0x00000000d7300000)
  to   space 1024K, 0% used [0x00000000d7100000,0x00000000d7100000,0x00000000d7200000)
 ParOldGen       total 68608K, used 15233K [0x0000000080000000, 0x0000000084300000, 0x00000000d5580000)
  object space 68608K, 22% used [0x0000000080000000,0x0000000080ee0428,0x0000000084300000)
 Metaspace       used 30102K, committed 31040K, reserved 1114112K
  class space    used 3050K, committed 3456K, reserved 1048576K
}
Event: 53.984 GC heap after
{Heap after GC invocations=12 (full 1):
 PSYoungGen      total 24064K, used 992K [0x00000000d5580000, 0x00000000d7280000, 0x0000000100000000)
  eden space 23040K, 0% used [0x00000000d5580000,0x00000000d5580000,0x00000000d6c00000)
  from space 1024K, 96% used [0x00000000d7100000,0x00000000d71f8188,0x00000000d7200000)
  to   space 512K, 0% used [0x00000000d7200000,0x00000000d7200000,0x00000000d7280000)
 ParOldGen       total 68608K, used 16099K [0x0000000080000000, 0x0000000084300000, 0x00000000d5580000)
  object space 68608K, 23% used [0x0000000080000000,0x0000000080fb8d08,0x0000000084300000)
 Metaspace       used 30102K, committed 31040K, reserved 1114112K
  class space    used 3050K, committed 3456K, reserved 1048576K
}
Event: 54.477 GC heap before
{Heap before GC invocations=13 (full 1):
 PSYoungGen      total 24064K, used 24031K [0x00000000d5580000, 0x00000000d7280000, 0x0000000100000000)
  eden space 23040K, 99% used [0x00000000d5580000,0x00000000d6bffd98,0x00000000d6c00000)
  from space 1024K, 96% used [0x00000000d7100000,0x00000000d71f8188,0x00000000d7200000)
  to   space 512K, 0% used [0x00000000d7200000,0x00000000d7200000,0x00000000d7280000)
 ParOldGen       total 68608K, used 16099K [0x0000000080000000, 0x0000000084300000, 0x00000000d5580000)
  object space 68608K, 23% used [0x0000000080000000,0x0000000080fb8d08,0x0000000084300000)
 Metaspace       used 32853K, committed 33920K, reserved 1114112K
  class space    used 3379K, committed 3840K, reserved 1048576K
}
Event: 54.479 GC heap after
{Heap after GC invocations=13 (full 1):
 PSYoungGen      total 23040K, used 512K [0x00000000d5580000, 0x00000000d7280000, 0x0000000100000000)
  eden space 22528K, 0% used [0x00000000d5580000,0x00000000d5580000,0x00000000d6b80000)
  from space 512K, 100% used [0x00000000d7200000,0x00000000d7280000,0x00000000d7280000)
  to   space 2048K, 0% used [0x00000000d6e80000,0x00000000d6e80000,0x00000000d7080000)
 ParOldGen       total 68608K, used 17277K [0x0000000080000000, 0x0000000084300000, 0x00000000d5580000)
  object space 68608K, 25% used [0x0000000080000000,0x00000000810df690,0x0000000084300000)
 Metaspace       used 32853K, committed 33920K, reserved 1114112K
  class space    used 3379K, committed 3840K, reserved 1048576K
}
Event: 54.747 GC heap before
{Heap before GC invocations=14 (full 1):
 PSYoungGen      total 23040K, used 16532K [0x00000000d5580000, 0x00000000d7280000, 0x0000000100000000)
  eden space 22528K, 71% used [0x00000000d5580000,0x00000000d6525210,0x00000000d6b80000)
  from space 512K, 100% used [0x00000000d7200000,0x00000000d7280000,0x00000000d7280000)
  to   space 2048K, 0% used [0x00000000d6e80000,0x00000000d6e80000,0x00000000d7080000)
 ParOldGen       total 68608K, used 17277K [0x0000000080000000, 0x0000000084300000, 0x00000000d5580000)
  object space 68608K, 25% used [0x0000000080000000,0x00000000810df690,0x0000000084300000)
 Metaspace       used 34924K, committed 35840K, reserved 1114112K
  class space    used 3633K, committed 4032K, reserved 1048576K
}
Event: 54.749 GC heap after
{Heap after GC invocations=14 (full 1):
 PSYoungGen      total 24576K, used 1453K [0x00000000d5580000, 0x00000000d7280000, 0x0000000100000000)
  eden space 22528K, 0% used [0x00000000d5580000,0x00000000d5580000,0x00000000d6b80000)
  from space 2048K, 70% used [0x00000000d6e80000,0x00000000d6feb598,0x00000000d7080000)
  to   space 2048K, 0% used [0x00000000d7080000,0x00000000d7080000,0x00000000d7280000)
 ParOldGen       total 68608K, used 17761K [0x0000000080000000, 0x0000000084300000, 0x00000000d5580000)
  object space 68608K, 25% used [0x0000000080000000,0x0000000081158698,0x0000000084300000)
 Metaspace       used 34924K, committed 35840K, reserved 1114112K
  class space    used 3633K, committed 4032K, reserved 1048576K
}
Event: 54.749 GC heap before
{Heap before GC invocations=15 (full 2):
 PSYoungGen      total 24576K, used 1453K [0x00000000d5580000, 0x00000000d7280000, 0x0000000100000000)
  eden space 22528K, 0% used [0x00000000d5580000,0x00000000d5580000,0x00000000d6b80000)
  from space 2048K, 70% used [0x00000000d6e80000,0x00000000d6feb598,0x00000000d7080000)
  to   space 2048K, 0% used [0x00000000d7080000,0x00000000d7080000,0x00000000d7280000)
 ParOldGen       total 68608K, used 17761K [0x0000000080000000, 0x0000000084300000, 0x00000000d5580000)
  object space 68608K, 25% used [0x0000000080000000,0x0000000081158698,0x0000000084300000)
 Metaspace       used 34924K, committed 35840K, reserved 1114112K
  class space    used 3633K, committed 4032K, reserved 1048576K
}
Event: 54.792 GC heap after
{Heap after GC invocations=15 (full 2):
 PSYoungGen      total 24576K, used 0K [0x00000000d5580000, 0x00000000d7280000, 0x0000000100000000)
  eden space 22528K, 0% used [0x00000000d5580000,0x00000000d5580000,0x00000000d6b80000)
  from space 2048K, 0% used [0x00000000d6e80000,0x00000000d6e80000,0x00000000d7080000)
  to   space 2048K, 0% used [0x00000000d7080000,0x00000000d7080000,0x00000000d7280000)
 ParOldGen       total 68608K, used 17750K [0x0000000080000000, 0x0000000084300000, 0x00000000d5580000)
  object space 68608K, 25% used [0x0000000080000000,0x0000000081155ac0,0x0000000084300000)
 Metaspace       used 34924K, committed 35840K, reserved 1114112K
  class space    used 3633K, committed 4032K, reserved 1048576K
}
Event: 55.034 GC heap before
{Heap before GC invocations=16 (full 2):
 PSYoungGen      total 24576K, used 22528K [0x00000000d5580000, 0x00000000d7280000, 0x0000000100000000)
  eden space 22528K, 100% used [0x00000000d5580000,0x00000000d6b80000,0x00000000d6b80000)
  from space 2048K, 0% used [0x00000000d6e80000,0x00000000d6e80000,0x00000000d7080000)
  to   space 2048K, 0% used [0x00000000d7080000,0x00000000d7080000,0x00000000d7280000)
 ParOldGen       total 68608K, used 17750K [0x0000000080000000, 0x0000000084300000, 0x00000000d5580000)
  object space 68608K, 25% used [0x0000000080000000,0x0000000081155ac0,0x0000000084300000)
 Metaspace       used 38024K, committed 39104K, reserved 1114112K
  class space    used 4010K, committed 4480K, reserved 1048576K
}
Event: 55.037 GC heap after
{Heap after GC invocations=16 (full 2):
 PSYoungGen      total 23552K, used 1459K [0x00000000d5580000, 0x00000000d7200000, 0x0000000100000000)
  eden space 22016K, 0% used [0x00000000d5580000,0x00000000d5580000,0x00000000d6b00000)
  from space 1536K, 95% used [0x00000000d7080000,0x00000000d71ece68,0x00000000d7200000)
  to   space 1536K, 0% used [0x00000000d6f00000,0x00000000d6f00000,0x00000000d7080000)
 ParOldGen       total 68608K, used 17758K [0x0000000080000000, 0x0000000084300000, 0x00000000d5580000)
  object space 68608K, 25% used [0x0000000080000000,0x0000000081157ac0,0x0000000084300000)
 Metaspace       used 38024K, committed 39104K, reserved 1114112K
  class space    used 4010K, committed 4480K, reserved 1048576K
}
Event: 55.287 GC heap before
{Heap before GC invocations=17 (full 2):
 PSYoungGen      total 23552K, used 23475K [0x00000000d5580000, 0x00000000d7200000, 0x0000000100000000)
  eden space 22016K, 100% used [0x00000000d5580000,0x00000000d6b00000,0x00000000d6b00000)
  from space 1536K, 95% used [0x00000000d7080000,0x00000000d71ece68,0x00000000d7200000)
  to   space 1536K, 0% used [0x00000000d6f00000,0x00000000d6f00000,0x00000000d7080000)
 ParOldGen       total 68608K, used 17758K [0x0000000080000000, 0x0000000084300000, 0x00000000d5580000)
  object space 68608K, 25% used [0x0000000080000000,0x0000000081157ac0,0x0000000084300000)
 Metaspace       used 40293K, committed 41344K, reserved 1114112K
  class space    used 4279K, committed 4736K, reserved 1048576K
}
Event: 55.291 GC heap after
{Heap after GC invocations=17 (full 2):
 PSYoungGen      total 23552K, used 1536K [0x00000000d5580000, 0x00000000d7100000, 0x0000000100000000)
  eden space 22016K, 0% used [0x00000000d5580000,0x00000000d5580000,0x00000000d6b00000)
  from space 1536K, 100% used [0x00000000d6f00000,0x00000000d7080000,0x00000000d7080000)
  to   space 512K, 0% used [0x00000000d7080000,0x00000000d7080000,0x00000000d7100000)
 ParOldGen       total 68608K, used 19037K [0x0000000080000000, 0x0000000084300000, 0x00000000d5580000)
  object space 68608K, 27% used [0x0000000080000000,0x00000000812974c8,0x0000000084300000)
 Metaspace       used 40293K, committed 41344K, reserved 1114112K
  class space    used 4279K, committed 4736K, reserved 1048576K
}
Event: 55.594 GC heap before
{Heap before GC invocations=18 (full 2):
 PSYoungGen      total 23552K, used 23552K [0x00000000d5580000, 0x00000000d7100000, 0x0000000100000000)
  eden space 22016K, 100% used [0x00000000d5580000,0x00000000d6b00000,0x00000000d6b00000)
  from space 1536K, 100% used [0x00000000d6f00000,0x00000000d7080000,0x00000000d7080000)
  to   space 512K, 0% used [0x00000000d7080000,0x00000000d7080000,0x00000000d7100000)
 ParOldGen       total 68608K, used 19037K [0x0000000080000000, 0x0000000084300000, 0x00000000d5580000)
  object space 68608K, 27% used [0x0000000080000000,0x00000000812974c8,0x0000000084300000)
 Metaspace       used 43394K, committed 44480K, reserved 1114112K
  class space    used 4671K, committed 5184K, reserved 1048576K
}
Event: 55.597 GC heap after
{Heap after GC invocations=18 (full 2):
 PSYoungGen      total 22528K, used 512K [0x00000000d5580000, 0x00000000d7100000, 0x0000000100000000)
  eden space 22016K, 0% used [0x00000000d5580000,0x00000000d5580000,0x00000000d6b00000)
  from space 512K, 100% used [0x00000000d7080000,0x00000000d7100000,0x00000000d7100000)
  to   space 3072K, 0% used [0x00000000d6b00000,0x00000000d6b00000,0x00000000d6e00000)
 ParOldGen       total 68608K, used 21404K [0x0000000080000000, 0x0000000084300000, 0x00000000d5580000)
  object space 68608K, 31% used [0x0000000080000000,0x00000000814e7010,0x0000000084300000)
 Metaspace       used 43394K, committed 44480K, reserved 1114112K
  class space    used 4671K, committed 5184K, reserved 1048576K
}
Event: 56.135 GC heap before
{Heap before GC invocations=19 (full 2):
 PSYoungGen      total 22528K, used 22407K [0x00000000d5580000, 0x00000000d7100000, 0x0000000100000000)
  eden space 22016K, 99% used [0x00000000d5580000,0x00000000d6ae1c58,0x00000000d6b00000)
  from space 512K, 100% used [0x00000000d7080000,0x00000000d7100000,0x00000000d7100000)
  to   space 3072K, 0% used [0x00000000d6b00000,0x00000000d6b00000,0x00000000d6e00000)
 ParOldGen       total 68608K, used 21404K [0x0000000080000000, 0x0000000084300000, 0x00000000d5580000)
  object space 68608K, 31% used [0x0000000080000000,0x00000000814e7010,0x0000000084300000)
 Metaspace       used 46419K, committed 47488K, reserved 1114112K
  class space    used 5088K, committed 5568K, reserved 1048576K
}
Event: 56.138 GC heap after
{Heap after GC invocations=19 (full 2):
 PSYoungGen      total 25088K, used 1577K [0x00000000d5580000, 0x00000000d7100000, 0x0000000100000000)
  eden space 22016K, 0% used [0x00000000d5580000,0x00000000d5580000,0x00000000d6b00000)
  from space 3072K, 51% used [0x00000000d6b00000,0x00000000d6c8a798,0x00000000d6e00000)
  to   space 2560K, 0% used [0x00000000d6e80000,0x00000000d6e80000,0x00000000d7100000)
 ParOldGen       total 68608K, used 21916K [0x0000000080000000, 0x0000000084300000, 0x00000000d5580000)
  object space 68608K, 31% used [0x0000000080000000,0x0000000081567040,0x0000000084300000)
 Metaspace       used 46419K, committed 47488K, reserved 1114112K
  class space    used 5088K, committed 5568K, reserved 1048576K
}
Event: 56.717 GC heap before
{Heap before GC invocations=20 (full 2):
 PSYoungGen      total 25088K, used 23593K [0x00000000d5580000, 0x00000000d7100000, 0x0000000100000000)
  eden space 22016K, 99% used [0x00000000d5580000,0x00000000d6affea0,0x00000000d6b00000)
  from space 3072K, 51% used [0x00000000d6b00000,0x00000000d6c8a798,0x00000000d6e00000)
  to   space 2560K, 0% used [0x00000000d6e80000,0x00000000d6e80000,0x00000000d7100000)
 ParOldGen       total 68608K, used 21916K [0x0000000080000000, 0x0000000084300000, 0x00000000d5580000)
  object space 68608K, 31% used [0x0000000080000000,0x0000000081567040,0x0000000084300000)
 Metaspace       used 48840K, committed 50048K, reserved 1114112K
  class space    used 5379K, committed 5952K, reserved 1048576K
}
Event: 56.722 GC heap after
{Heap after GC invocations=20 (full 2):
 PSYoungGen      total 23552K, used 1322K [0x00000000d5580000, 0x00000000d7000000, 0x0000000100000000)
  eden space 22016K, 0% used [0x00000000d5580000,0x00000000d5580000,0x00000000d6b00000)
  from space 1536K, 86% used [0x00000000d6e80000,0x00000000d6fcab00,0x00000000d7000000)
  to   space 1536K, 0% used [0x00000000d6d00000,0x00000000d6d00000,0x00000000d6e80000)
 ParOldGen       total 68608K, used 23040K [0x0000000080000000, 0x0000000084300000, 0x00000000d5580000)
  object space 68608K, 33% used [0x0000000080000000,0x0000000081680050,0x0000000084300000)
 Metaspace       used 48840K, committed 50048K, reserved 1114112K
  class space    used 5379K, committed 5952K, reserved 1048576K
}

Dll operation events (14 events):
Event: 0.035 Loaded shared library c:\Users\Canopus\.vscode\extensions\redhat.java-1.46.0-win32-x64\jre\21.0.8-win32-x86_64\bin\java.dll
Event: 0.330 Loaded shared library c:\Users\Canopus\.vscode\extensions\redhat.java-1.46.0-win32-x64\jre\21.0.8-win32-x86_64\bin\zip.dll
Event: 0.462 Loaded shared library C:\Users\Canopus\.vscode\extensions\redhat.java-1.46.0-win32-x64\jre\21.0.8-win32-x86_64\bin\instrument.dll
Event: 0.500 Loaded shared library C:\Users\Canopus\.vscode\extensions\redhat.java-1.46.0-win32-x64\jre\21.0.8-win32-x86_64\bin\net.dll
Event: 0.514 Loaded shared library C:\Users\Canopus\.vscode\extensions\redhat.java-1.46.0-win32-x64\jre\21.0.8-win32-x86_64\bin\nio.dll
Event: 0.541 Loaded shared library C:\Users\Canopus\.vscode\extensions\redhat.java-1.46.0-win32-x64\jre\21.0.8-win32-x86_64\bin\zip.dll
Event: 0.679 Loaded shared library C:\Users\Canopus\.vscode\extensions\redhat.java-1.46.0-win32-x64\jre\21.0.8-win32-x86_64\bin\jimage.dll
Event: 1.418 Loaded shared library c:\Users\Canopus\.vscode\extensions\redhat.java-1.46.0-win32-x64\jre\21.0.8-win32-x86_64\bin\verify.dll
Event: 24.258 Loaded shared library C:\Users\Canopus\AppData\Roaming\Code\User\globalStorage\redhat.java\1.46.0\config_win\org.eclipse.equinox.launcher\org.eclipse.equinox.launcher.win32.win32.x86_64_1.2.1400.v20250801-0854\eclipse_11916.dll
Event: 49.889 Loaded shared library C:\Users\Canopus\.vscode\extensions\redhat.java-1.46.0-win32-x64\jre\21.0.8-win32-x86_64\bin\management.dll
Event: 49.902 Loaded shared library C:\Users\Canopus\.vscode\extensions\redhat.java-1.46.0-win32-x64\jre\21.0.8-win32-x86_64\bin\management_ext.dll
Event: 54.549 Loaded shared library C:\Users\Canopus\AppData\Local\Temp\jna--2079729681\jna4990394999202188525.dll
Event: 54.838 Loaded shared library C:\Users\Canopus\.vscode\extensions\redhat.java-1.46.0-win32-x64\jre\21.0.8-win32-x86_64\bin\sunmscapi.dll
Event: 55.436 Loaded shared library C:\Users\Canopus\.vscode\extensions\redhat.java-1.46.0-win32-x64\jre\21.0.8-win32-x86_64\bin\extnet.dll

Deoptimization events (20 events):
Event: 57.928 Thread 0x0000016de4524740 Uncommon trap: trap_request=0xffffffc6 fr.pc=0x0000016d8d3b0cb8 relative=0x0000000000000338
Event: 57.928 Thread 0x0000016de4524740 Uncommon trap: reason=bimorphic_or_optimized_type_check action=maybe_recompile pc=0x0000016d8d3b0cb8 method=java.util.Comparator.lambda$thenComparing$36697e65$1(Ljava/util/Comparator;Ljava/lang/Object;Ljava/lang/Object;)I @ 23 c2
Event: 57.928 Thread 0x0000016de4524740 DEOPT PACKING pc=0x0000016d8d3b0cb8 sp=0x00000054b5afdce0
Event: 57.928 Thread 0x0000016de4524740 DEOPT UNPACKING pc=0x0000016d8c9e3aa2 sp=0x00000054b5afdbe8 mode 2
Event: 57.929 Thread 0x0000016de4524740 Uncommon trap: trap_request=0xffffffc6 fr.pc=0x0000016d8d3b0cb8 relative=0x0000000000000338
Event: 57.929 Thread 0x0000016de4524740 Uncommon trap: reason=bimorphic_or_optimized_type_check action=maybe_recompile pc=0x0000016d8d3b0cb8 method=java.util.Comparator.lambda$thenComparing$36697e65$1(Ljava/util/Comparator;Ljava/lang/Object;Ljava/lang/Object;)I @ 23 c2
Event: 57.929 Thread 0x0000016de4524740 DEOPT PACKING pc=0x0000016d8d3b0cb8 sp=0x00000054b5afdce0
Event: 57.929 Thread 0x0000016de4524740 DEOPT UNPACKING pc=0x0000016d8c9e3aa2 sp=0x00000054b5afdbe8 mode 2
Event: 58.200 Thread 0x0000016de4524740 DEOPT PACKING pc=0x0000016d858c9b46 sp=0x00000054b5afd930
Event: 58.200 Thread 0x0000016de4524740 DEOPT UNPACKING pc=0x0000016d8c9e4242 sp=0x00000054b5afceb0 mode 0
Event: 58.334 Thread 0x0000016de4524740 DEOPT PACKING pc=0x0000016d861c561a sp=0x00000054b5afd100
Event: 58.334 Thread 0x0000016de4524740 DEOPT UNPACKING pc=0x0000016d8c9e4242 sp=0x00000054b5afc598 mode 0
Event: 58.462 Thread 0x0000016de4524740 Uncommon trap: trap_request=0xffffff45 fr.pc=0x0000016d8d3a60ac relative=0x00000000000000ec
Event: 58.463 Thread 0x0000016de4524740 Uncommon trap: reason=unstable_if action=reinterpret pc=0x0000016d8d3a60ac method=com.google.gson.stream.JsonReader.nextString()Ljava/lang/String; @ 6 c2
Event: 58.463 Thread 0x0000016de4524740 DEOPT PACKING pc=0x0000016d8d3a60ac sp=0x00000054b5afe8a0
Event: 58.463 Thread 0x0000016de4524740 DEOPT UNPACKING pc=0x0000016d8c9e3aa2 sp=0x00000054b5afe830 mode 2
Event: 58.524 Thread 0x0000016de2101b10 Uncommon trap: trap_request=0xffffff45 fr.pc=0x0000016d8d261358 relative=0x0000000000000318
Event: 58.524 Thread 0x0000016de2101b10 Uncommon trap: reason=unstable_if action=reinterpret pc=0x0000016d8d261358 method=java.util.regex.Pattern.newSlice([IIZ)Ljava/util/regex/Pattern$Node; @ 10 c2
Event: 58.524 Thread 0x0000016de2101b10 DEOPT PACKING pc=0x0000016d8d261358 sp=0x00000054b39fe4a0
Event: 58.524 Thread 0x0000016de2101b10 DEOPT UNPACKING pc=0x0000016d8c9e3aa2 sp=0x00000054b39fe420 mode 2

Classes loaded (20 events):
Event: 58.510 Loading class java/util/concurrent/CompletionException
Event: 58.510 Loading class java/util/concurrent/CompletionException done
Event: 58.517 Loading class java/nio/file/FileVisitOption
Event: 58.517 Loading class java/nio/file/FileVisitOption done
Event: 58.519 Loading class java/nio/file/SimpleFileVisitor
Event: 58.519 Loading class java/nio/file/SimpleFileVisitor done
Event: 58.520 Loading class java/nio/file/FileTreeWalker
Event: 58.521 Loading class java/nio/file/FileTreeWalker done
Event: 58.521 Loading class java/nio/file/FileTreeWalker$1
Event: 58.522 Loading class java/nio/file/FileTreeWalker$1 done
Event: 58.523 Loading class java/nio/file/FileTreeWalker$DirectoryNode
Event: 58.523 Loading class java/nio/file/FileTreeWalker$DirectoryNode done
Event: 58.523 Loading class java/nio/file/FileTreeWalker$Event
Event: 58.523 Loading class java/nio/file/FileTreeWalker$Event done
Event: 58.523 Loading class java/nio/file/FileTreeWalker$EventType
Event: 58.523 Loading class java/nio/file/FileTreeWalker$EventType done
Event: 58.524 Loading class java/nio/file/Files$3
Event: 58.524 Loading class java/nio/file/Files$3 done
Event: 58.526 Loading class java/nio/file/FileVisitResult
Event: 58.526 Loading class java/nio/file/FileVisitResult done

Classes unloaded (7 events):
Event: 52.411 Thread 0x0000016d822e4130 Unloading class 0x0000016d9a1a8c00 'java/lang/invoke/LambdaForm$MH+0x0000016d9a1a8c00'
Event: 52.411 Thread 0x0000016d822e4130 Unloading class 0x0000016d9a1a8800 'java/lang/invoke/LambdaForm$MH+0x0000016d9a1a8800'
Event: 52.411 Thread 0x0000016d822e4130 Unloading class 0x0000016d9a1a8400 'java/lang/invoke/LambdaForm$MH+0x0000016d9a1a8400'
Event: 52.411 Thread 0x0000016d822e4130 Unloading class 0x0000016d9a1a8000 'java/lang/invoke/LambdaForm$MH+0x0000016d9a1a8000'
Event: 52.411 Thread 0x0000016d822e4130 Unloading class 0x0000016d9a1a7c00 'java/lang/invoke/LambdaForm$BMH+0x0000016d9a1a7c00'
Event: 52.411 Thread 0x0000016d822e4130 Unloading class 0x0000016d9a1a7800 'java/lang/invoke/LambdaForm$DMH+0x0000016d9a1a7800'
Event: 52.411 Thread 0x0000016d822e4130 Unloading class 0x0000016d9a1a6400 'java/lang/invoke/LambdaForm$DMH+0x0000016d9a1a6400'

Classes redefined (0 events):
No events

Internal exceptions (20 events):
Event: 58.561 Thread 0x0000016de2101b10 Exception <a 'sun/nio/fs/WindowsException'{0x00000000d69decb0}> (0x00000000d69decb0) 
thrown [s\src\hotspot\share\prims\jni.cpp, line 520]
Event: 58.561 Thread 0x0000016de2101b10 Exception <a 'sun/nio/fs/WindowsException'{0x00000000d69df2e8}> (0x00000000d69df2e8) 
thrown [s\src\hotspot\share\prims\jni.cpp, line 520]
Event: 58.561 Thread 0x0000016de2101b10 Exception <a 'sun/nio/fs/WindowsException'{0x00000000d69df930}> (0x00000000d69df930) 
thrown [s\src\hotspot\share\prims\jni.cpp, line 520]
Event: 58.561 Thread 0x0000016de2101b10 Exception <a 'sun/nio/fs/WindowsException'{0x00000000d69dff88}> (0x00000000d69dff88) 
thrown [s\src\hotspot\share\prims\jni.cpp, line 520]
Event: 58.564 Thread 0x0000016de2101b10 Exception <a 'sun/nio/fs/WindowsException'{0x00000000d69e3998}> (0x00000000d69e3998) 
thrown [s\src\hotspot\share\prims\jni.cpp, line 520]
Event: 58.564 Thread 0x0000016de2101b10 Exception <a 'sun/nio/fs/WindowsException'{0x00000000d69e3fe8}> (0x00000000d69e3fe8) 
thrown [s\src\hotspot\share\prims\jni.cpp, line 520]
Event: 58.564 Thread 0x0000016de2101b10 Exception <a 'sun/nio/fs/WindowsException'{0x00000000d69e4638}> (0x00000000d69e4638) 
thrown [s\src\hotspot\share\prims\jni.cpp, line 520]
Event: 58.564 Thread 0x0000016de2101b10 Exception <a 'sun/nio/fs/WindowsException'{0x00000000d69e4ca0}> (0x00000000d69e4ca0) 
thrown [s\src\hotspot\share\prims\jni.cpp, line 520]
Event: 58.566 Thread 0x0000016de2101b10 Exception <a 'sun/nio/fs/WindowsException'{0x00000000d69e8448}> (0x00000000d69e8448) 
thrown [s\src\hotspot\share\prims\jni.cpp, line 520]
Event: 58.567 Thread 0x0000016de2101b10 Exception <a 'sun/nio/fs/WindowsException'{0x00000000d69e8ac8}> (0x00000000d69e8ac8) 
thrown [s\src\hotspot\share\prims\jni.cpp, line 520]
Event: 58.567 Thread 0x0000016de2101b10 Exception <a 'sun/nio/fs/WindowsException'{0x00000000d69e9148}> (0x00000000d69e9148) 
thrown [s\src\hotspot\share\prims\jni.cpp, line 520]
Event: 58.567 Thread 0x0000016de2101b10 Exception <a 'sun/nio/fs/WindowsException'{0x00000000d69e97e0}> (0x00000000d69e97e0) 
thrown [s\src\hotspot\share\prims\jni.cpp, line 520]
Event: 58.569 Thread 0x0000016de2101b10 Exception <a 'sun/nio/fs/WindowsException'{0x00000000d69ecf50}> (0x00000000d69ecf50) 
thrown [s\src\hotspot\share\prims\jni.cpp, line 520]
Event: 58.569 Thread 0x0000016de2101b10 Exception <a 'sun/nio/fs/WindowsException'{0x00000000d69ed580}> (0x00000000d69ed580) 
thrown [s\src\hotspot\share\prims\jni.cpp, line 520]
Event: 58.569 Thread 0x0000016de2101b10 Exception <a 'sun/nio/fs/WindowsException'{0x00000000d69edbb0}> (0x00000000d69edbb0) 
thrown [s\src\hotspot\share\prims\jni.cpp, line 520]
Event: 58.569 Thread 0x0000016de2101b10 Exception <a 'sun/nio/fs/WindowsException'{0x00000000d69ee200}> (0x00000000d69ee200) 
thrown [s\src\hotspot\share\prims\jni.cpp, line 520]
Event: 58.624 Thread 0x0000016de2101b10 Exception <a 'sun/nio/fs/WindowsException'{0x00000000d69f15d0}> (0x00000000d69f15d0) 
thrown [s\src\hotspot\share\prims\jni.cpp, line 520]
Event: 58.624 Thread 0x0000016de2101b10 Exception <a 'sun/nio/fs/WindowsException'{0x00000000d69f1bd8}> (0x00000000d69f1bd8) 
thrown [s\src\hotspot\share\prims\jni.cpp, line 520]
Event: 58.624 Thread 0x0000016de2101b10 Exception <a 'sun/nio/fs/WindowsException'{0x00000000d69f21f0}> (0x00000000d69f21f0) 
thrown [s\src\hotspot\share\prims\jni.cpp, line 520]
Event: 58.624 Thread 0x0000016de2101b10 Exception <a 'sun/nio/fs/WindowsException'{0x00000000d69f2818}> (0x00000000d69f2818) 
thrown [s\src\hotspot\share\prims\jni.cpp, line 520]

ZGC Phase Switch (0 events):
No events

VM Operations (20 events):
Event: 56.135 Executing VM operation: ParallelGCFailedAllocation (Allocation Failure)
Event: 56.138 Executing VM operation: ParallelGCFailedAllocation (Allocation Failure) done
Event: 56.206 Executing VM operation: HandshakeAllThreads (Deoptimize)
Event: 56.207 Executing VM operation: HandshakeAllThreads (Deoptimize) done
Event: 56.549 Executing VM operation: HandshakeAllThreads (Deoptimize)
Event: 56.549 Executing VM operation: HandshakeAllThreads (Deoptimize) done
Event: 56.598 Executing VM operation: HandshakeAllThreads (Deoptimize)
Event: 56.598 Executing VM operation: HandshakeAllThreads (Deoptimize) done
Event: 56.645 Executing VM operation: ICBufferFull
Event: 56.645 Executing VM operation: ICBufferFull done
Event: 56.717 Executing VM operation: ParallelGCFailedAllocation (Allocation Failure)
Event: 56.722 Executing VM operation: ParallelGCFailedAllocation (Allocation Failure) done
Event: 56.837 Executing VM operation: HandshakeAllThreads (Deoptimize)
Event: 56.837 Executing VM operation: HandshakeAllThreads (Deoptimize) done
Event: 56.994 Executing VM operation: HandshakeAllThreads (Deoptimize)
Event: 56.994 Executing VM operation: HandshakeAllThreads (Deoptimize) done
Event: 57.994 Executing VM operation: Cleanup
Event: 57.994 Executing VM operation: Cleanup done
Event: 58.997 Executing VM operation: Cleanup
Event: 58.997 Executing VM operation: Cleanup done

Memory protections (0 events):
No events

Nmethod flushes (20 events):
Event: 54.773 Thread 0x0000016d822e4130 flushing  nmethod 0x0000016d85c46290
Event: 54.773 Thread 0x0000016d822e4130 flushing  nmethod 0x0000016d85c46b90
Event: 54.773 Thread 0x0000016d822e4130 flushing  nmethod 0x0000016d85c47490
Event: 54.773 Thread 0x0000016d822e4130 flushing  nmethod 0x0000016d85c48e90
Event: 54.773 Thread 0x0000016d822e4130 flushing  nmethod 0x0000016d85c4ab90
Event: 54.773 Thread 0x0000016d822e4130 flushing  nmethod 0x0000016d85c4b090
Event: 54.773 Thread 0x0000016d822e4130 flushing  nmethod 0x0000016d85c4b990
Event: 54.773 Thread 0x0000016d822e4130 flushing  nmethod 0x0000016d85c4c210
Event: 54.773 Thread 0x0000016d822e4130 flushing  nmethod 0x0000016d85c4cd90
Event: 54.773 Thread 0x0000016d822e4130 flushing  nmethod 0x0000016d85c4f010
Event: 54.773 Thread 0x0000016d822e4130 flushing  nmethod 0x0000016d85c4f310
Event: 54.773 Thread 0x0000016d822e4130 flushing  nmethod 0x0000016d85c50d90
Event: 54.773 Thread 0x0000016d822e4130 flushing  nmethod 0x0000016d85c52190
Event: 54.773 Thread 0x0000016d822e4130 flushing  nmethod 0x0000016d85cb2210
Event: 54.773 Thread 0x0000016d822e4130 flushing  nmethod 0x0000016d85cb4c90
Event: 54.773 Thread 0x0000016d822e4130 flushing  nmethod 0x0000016d85cb9090
Event: 54.773 Thread 0x0000016d822e4130 flushing  nmethod 0x0000016d85cc4b10
Event: 54.773 Thread 0x0000016d822e4130 flushing  nmethod 0x0000016d85d10c90
Event: 54.773 Thread 0x0000016d822e4130 flushing  nmethod 0x0000016d85d21a10
Event: 54.773 Thread 0x0000016d822e4130 flushing  nmethod 0x0000016d85d3dd10

Events (20 events):
Event: 56.868 Thread 0x0000016de4524740 Thread added: 0x0000016de4526180
Event: 56.978 Thread 0x0000016de24c2d30 Thread exited: 0x0000016de24c2d30
Event: 56.990 Thread 0x0000016de2100df0 Thread added: 0x0000016de4526ea0
Event: 57.074 Thread 0x0000016de20ed560 Thread added: 0x0000016de5733270
Event: 57.425 Thread 0x0000016de5733270 Thread exited: 0x0000016de5733270
Event: 57.426 Thread 0x0000016de4525af0 Thread exited: 0x0000016de4525af0
Event: 57.426 Thread 0x0000016de4527bc0 Thread exited: 0x0000016de4527bc0
Event: 57.434 Thread 0x0000016de4525460 Thread exited: 0x0000016de4525460
Event: 57.434 Thread 0x0000016de4526180 Thread exited: 0x0000016de4526180
Event: 57.502 Thread 0x0000016de4524740 Thread added: 0x0000016de4524dd0
Event: 57.503 Thread 0x0000016de4524740 Thread added: 0x0000016de4527bc0
Event: 57.503 Thread 0x0000016de4524740 Thread added: 0x0000016de4528250
Event: 57.504 Thread 0x0000016de4524740 Thread added: 0x0000016de4525460
Event: 57.813 Thread 0x0000016de4528250 Thread exited: 0x0000016de4528250
Event: 57.813 Thread 0x0000016de4527bc0 Thread exited: 0x0000016de4527bc0
Event: 57.821 Thread 0x0000016de4524dd0 Thread exited: 0x0000016de4524dd0
Event: 57.821 Thread 0x0000016de4525460 Thread exited: 0x0000016de4525460
Event: 58.145 Thread 0x0000016de20ed560 Thread added: 0x0000016de5733270
Event: 58.160 Thread 0x0000016de226d7c0 Thread added: 0x0000016de5734db0
Event: 59.199 Thread 0x0000016de20ed560 Thread exited: 0x0000016de20ed560


Dynamic libraries:
0x00007ff7ff990000 - 0x00007ff7ff99e000 	c:\Users\Canopus\.vscode\extensions\redhat.java-1.46.0-win32-x64\jre\21.0.8-win32-x86_64\bin\java.exe
0x00007ffa13ae0000 - 0x00007ffa13d49000 	C:\WINDOWS\SYSTEM32\ntdll.dll
0x00007ffa13050000 - 0x00007ffa13119000 	C:\WINDOWS\System32\KERNEL32.DLL
0x00007ffa11000000 - 0x00007ffa113f3000 	C:\WINDOWS\System32\KERNELBASE.dll
0x00007ffa11760000 - 0x00007ffa118ab000 	C:\WINDOWS\System32\ucrtbase.dll
0x00007ff9b74f0000 - 0x00007ff9b750e000 	c:\Users\Canopus\.vscode\extensions\redhat.java-1.46.0-win32-x64\jre\21.0.8-win32-x86_64\bin\VCRUNTIME140.dll
0x00007ff9b7510000 - 0x00007ff9b7528000 	c:\Users\Canopus\.vscode\extensions\redhat.java-1.46.0-win32-x64\jre\21.0.8-win32-x86_64\bin\jli.dll
0x00007ffa12af0000 - 0x00007ffa12cb4000 	C:\WINDOWS\System32\USER32.dll
0x00007ff9e8720000 - 0x00007ff9e89b3000 	C:\WINDOWS\WinSxS\amd64_microsoft.windows.common-controls_6595b64144ccf1df_6.0.26100.5074_none_3e0d6f78e32fd63f\COMCTL32.dll
0x00007ffa11400000 - 0x00007ffa11427000 	C:\WINDOWS\System32\win32u.dll
0x00007ffa13390000 - 0x00007ffa13439000 	C:\WINDOWS\System32\msvcrt.dll
0x00007ffa138d0000 - 0x00007ffa138fb000 	C:\WINDOWS\System32\GDI32.dll
0x00007ffa115a0000 - 0x00007ffa116cd000 	C:\WINDOWS\System32\gdi32full.dll
0x00007ffa10e90000 - 0x00007ffa10f33000 	C:\WINDOWS\System32\msvcp_win.dll
0x00007ffa13a50000 - 0x00007ffa13a7f000 	C:\WINDOWS\System32\IMM32.DLL
0x00007ff9c8cf0000 - 0x00007ff9c8cfc000 	c:\Users\Canopus\.vscode\extensions\redhat.java-1.46.0-win32-x64\jre\21.0.8-win32-x86_64\bin\vcruntime140_1.dll
0x00007ff963700000 - 0x00007ff96378d000 	c:\Users\Canopus\.vscode\extensions\redhat.java-1.46.0-win32-x64\jre\21.0.8-win32-x86_64\bin\msvcp140.dll
0x00007ff914490000 - 0x00007ff915227000 	c:\Users\Canopus\.vscode\extensions\redhat.java-1.46.0-win32-x64\jre\21.0.8-win32-x86_64\bin\server\jvm.dll
0x00007ffa12000000 - 0x00007ffa120b4000 	C:\WINDOWS\System32\ADVAPI32.dll
0x00007ffa12820000 - 0x00007ffa128c6000 	C:\WINDOWS\System32\sechost.dll
0x00007ffa13930000 - 0x00007ffa13a48000 	C:\WINDOWS\System32\RPCRT4.dll
0x00007ffa131a0000 - 0x00007ffa13214000 	C:\WINDOWS\System32\WS2_32.dll
0x00007ffa10ad0000 - 0x00007ffa10b2e000 	C:\WINDOWS\SYSTEM32\POWRPROF.dll
0x00007ffa09800000 - 0x00007ffa09835000 	C:\WINDOWS\SYSTEM32\WINMM.dll
0x00007ffa0aa70000 - 0x00007ffa0aa7b000 	C:\WINDOWS\SYSTEM32\VERSION.dll
0x00007ffa10ab0000 - 0x00007ffa10ac4000 	C:\WINDOWS\SYSTEM32\UMPDC.dll
0x00007ffa0fa10000 - 0x00007ffa0fa2b000 	C:\WINDOWS\SYSTEM32\kernel.appcore.dll
0x00007ff9c85e0000 - 0x00007ff9c85ea000 	c:\Users\Canopus\.vscode\extensions\redhat.java-1.46.0-win32-x64\jre\21.0.8-win32-x86_64\bin\jimage.dll
0x00007ffa01850000 - 0x00007ffa01a92000 	C:\WINDOWS\SYSTEM32\DBGHELP.DLL
0x00007ffa12cd0000 - 0x00007ffa1304b000 	C:\WINDOWS\System32\combase.dll
0x00007ffa12640000 - 0x00007ffa12717000 	C:\WINDOWS\System32\OLEAUT32.dll
0x00007ffa017f0000 - 0x00007ffa0182d000 	C:\WINDOWS\SYSTEM32\dbgcore.DLL
0x00007ffa10c70000 - 0x00007ffa10d09000 	C:\WINDOWS\System32\bcryptPrimitives.dll
0x00007ff9c7de0000 - 0x00007ff9c7def000 	c:\Users\Canopus\.vscode\extensions\redhat.java-1.46.0-win32-x64\jre\21.0.8-win32-x86_64\bin\instrument.dll
0x00007ff9b74d0000 - 0x00007ff9b74ef000 	c:\Users\Canopus\.vscode\extensions\redhat.java-1.46.0-win32-x64\jre\21.0.8-win32-x86_64\bin\java.dll
0x00007ffa118b0000 - 0x00007ffa11ffd000 	C:\WINDOWS\System32\SHELL32.dll
0x00007ffa11430000 - 0x00007ffa1159c000 	C:\WINDOWS\System32\wintypes.dll
0x00007ffa0e8b0000 - 0x00007ffa0f109000 	C:\WINDOWS\SYSTEM32\windows.storage.dll
0x00007ffa12720000 - 0x00007ffa12810000 	C:\WINDOWS\System32\SHCORE.dll
0x00007ffa12280000 - 0x00007ffa122e2000 	C:\WINDOWS\System32\shlwapi.dll
0x00007ffa10b90000 - 0x00007ffa10bb9000 	C:\WINDOWS\SYSTEM32\profapi.dll
0x00007ff9b7470000 - 0x00007ff9b7488000 	c:\Users\Canopus\.vscode\extensions\redhat.java-1.46.0-win32-x64\jre\21.0.8-win32-x86_64\bin\zip.dll
0x00007ff9bbdb0000 - 0x00007ff9bbdc0000 	C:\Users\Canopus\.vscode\extensions\redhat.java-1.46.0-win32-x64\jre\21.0.8-win32-x86_64\bin\net.dll
0x00007ffa09840000 - 0x00007ffa0995f000 	C:\WINDOWS\SYSTEM32\WINHTTP.dll
0x00007ffa0ff70000 - 0x00007ffa0ffdb000 	C:\WINDOWS\system32\mswsock.dll
0x00007ff963990000 - 0x00007ff9639a6000 	C:\Users\Canopus\.vscode\extensions\redhat.java-1.46.0-win32-x64\jre\21.0.8-win32-x86_64\bin\nio.dll
0x00007ff9b69f0000 - 0x00007ff9b6a00000 	c:\Users\Canopus\.vscode\extensions\redhat.java-1.46.0-win32-x64\jre\21.0.8-win32-x86_64\bin\verify.dll
0x00007ff913c80000 - 0x00007ff913cc4000 	C:\Users\Canopus\AppData\Roaming\Code\User\globalStorage\redhat.java\1.46.0\config_win\org.eclipse.equinox.launcher\org.eclipse.equinox.launcher.win32.win32.x86_64_1.2.1400.v20250801-0854\eclipse_11916.dll
0x00007ffa128d0000 - 0x00007ffa12a68000 	C:\WINDOWS\System32\ole32.dll
0x00007ff997020000 - 0x00007ff99702a000 	C:\Users\Canopus\.vscode\extensions\redhat.java-1.46.0-win32-x64\jre\21.0.8-win32-x86_64\bin\management.dll
0x00007ff996600000 - 0x00007ff99660b000 	C:\Users\Canopus\.vscode\extensions\redhat.java-1.46.0-win32-x64\jre\21.0.8-win32-x86_64\bin\management_ext.dll
0x00007ffa13220000 - 0x00007ffa13228000 	C:\WINDOWS\System32\PSAPI.DLL
0x00007ffa10340000 - 0x00007ffa1035b000 	C:\WINDOWS\SYSTEM32\CRYPTSP.dll
0x00007ffa0f970000 - 0x00007ffa0f9ab000 	C:\WINDOWS\system32\rsaenh.dll
0x00007ffa10010000 - 0x00007ffa1003b000 	C:\WINDOWS\SYSTEM32\USERENV.dll
0x00007ffa10b60000 - 0x00007ffa10b86000 	C:\WINDOWS\SYSTEM32\bcrypt.dll
0x00007ffa101a0000 - 0x00007ffa101ac000 	C:\WINDOWS\SYSTEM32\CRYPTBASE.dll
0x00007ffa0f410000 - 0x00007ffa0f444000 	C:\WINDOWS\SYSTEM32\IPHLPAPI.DLL
0x00007ffa13900000 - 0x00007ffa1390a000 	C:\WINDOWS\System32\NSI.dll
0x00007ff99e370000 - 0x00007ff99e3b9000 	C:\Users\Canopus\AppData\Local\Temp\jna--2079729681\jna4990394999202188525.dll
0x00007ffa097d0000 - 0x00007ffa097ee000 	C:\WINDOWS\SYSTEM32\dhcpcsvc6.DLL
0x00007ffa092b0000 - 0x00007ffa092d3000 	C:\WINDOWS\SYSTEM32\dhcpcsvc.DLL
0x00007ff9ec370000 - 0x00007ff9ec37e000 	C:\Users\Canopus\.vscode\extensions\redhat.java-1.46.0-win32-x64\jre\21.0.8-win32-x86_64\bin\sunmscapi.dll
0x00007ffa10d10000 - 0x00007ffa10e87000 	C:\WINDOWS\System32\CRYPT32.dll
0x00007ffa10490000 - 0x00007ffa104c0000 	C:\WINDOWS\SYSTEM32\ncrypt.dll
0x00007ffa10440000 - 0x00007ffa1047f000 	C:\WINDOWS\SYSTEM32\NTASN1.dll
0x00007ffa0f4a0000 - 0x00007ffa0f5c6000 	C:\WINDOWS\SYSTEM32\DNSAPI.dll
0x00007ffa04140000 - 0x00007ffa0414b000 	C:\Windows\System32\rasadhlp.dll
0x00007ffa06d60000 - 0x00007ffa06de6000 	C:\WINDOWS\System32\fwpuclnt.dll
0x00007ff9b71f0000 - 0x00007ff9b71f9000 	C:\Users\Canopus\.vscode\extensions\redhat.java-1.46.0-win32-x64\jre\21.0.8-win32-x86_64\bin\extnet.dll

JVMTI agents:
c:\Users\Canopus\.vscode\extensions\redhat.java-1.46.0-win32-x64\lombok\lombok-1.18.39-4050.jar path:c:\Users\Canopus\.vscode\extensions\redhat.java-1.46.0-win32-x64\jre\21.0.8-win32-x86_64\bin\instrument.dll, loaded, initialized, instrumentlib options:none

dbghelp: loaded successfully - version: 4.0.5 - missing functions: none
symbol engine: initialized successfully - sym options: 0x614 - pdb path: .;c:\Users\Canopus\.vscode\extensions\redhat.java-1.46.0-win32-x64\jre\21.0.8-win32-x86_64\bin;C:\WINDOWS\SYSTEM32;C:\WINDOWS\WinSxS\amd64_microsoft.windows.common-controls_6595b64144ccf1df_6.0.26100.5074_none_3e0d6f78e32fd63f;c:\Users\Canopus\.vscode\extensions\redhat.java-1.46.0-win32-x64\jre\21.0.8-win32-x86_64\bin\server;C:\Users\Canopus\AppData\Roaming\Code\User\globalStorage\redhat.java\1.46.0\config_win\org.eclipse.equinox.launcher\org.eclipse.equinox.launcher.win32.win32.x86_64_1.2.1400.v20250801-0854;C:\Users\Canopus\AppData\Local\Temp\jna--2079729681

VM Arguments:
jvm_args: --add-modules=ALL-SYSTEM --add-opens=java.base/java.util=ALL-UNNAMED --add-opens=java.base/java.lang=ALL-UNNAMED --add-opens=java.base/sun.nio.fs=ALL-UNNAMED -Declipse.application=org.eclipse.jdt.ls.core.id1 -Dosgi.bundles.defaultStartLevel=4 -Declipse.product=org.eclipse.jdt.ls.core.product -Djava.import.generatesMetadataFilesAtProjectRoot=false -DDetectVMInstallationsJob.disabled=true -Dfile.encoding=utf8 -XX:+UseParallelGC -XX:GCTimeRatio=4 -XX:AdaptiveSizePolicyWeight=90 -Dsun.zip.disableMemoryMapping=true -Xmx2G -Xms100m -Xlog:disable -javaagent:c:\Users\Canopus\.vscode\extensions\redhat.java-1.46.0-win32-x64\lombok\lombok-1.18.39-4050.jar -XX:+HeapDumpOnOutOfMemoryError -XX:HeapDumpPath=c:\Users\Canopus\AppData\Roaming\Code\User\workspaceStorage\d12993da568a089f16ae6b2385ccd566\redhat.java -Daether.dependencyCollector.impl=bf 
java_command: c:\Users\Canopus\.vscode\extensions\redhat.java-1.46.0-win32-x64\server\plugins\org.eclipse.equinox.launcher_1.7.0.v20250519-0528.jar -configuration c:\Users\Canopus\AppData\Roaming\Code\User\globalStorage\redhat.java\1.46.0\config_win -data c:\Users\Canopus\AppData\Roaming\Code\User\workspaceStorage\d12993da568a089f16ae6b2385ccd566\redhat.java\jdt_ws --pipe=\\.\pipe\lsp-09f6f80fa566b10cd914994cc64a13c7-sock
java_class_path (initial): c:\Users\Canopus\.vscode\extensions\redhat.java-1.46.0-win32-x64\server\plugins\org.eclipse.equinox.launcher_1.7.0.v20250519-0528.jar
Launcher Type: SUN_STANDARD

[Global flags]
    uintx AdaptiveSizePolicyWeight                 = 90                                        {product} {command line}
     intx CICompilerCount                          = 12                                        {product} {ergonomic}
    uintx GCTimeRatio                              = 4                                         {product} {command line}
     bool HeapDumpOnOutOfMemoryError               = true                                   {manageable} {command line}
    ccstr HeapDumpPath                             = c:\Users\Canopus\AppData\Roaming\Code\User\workspaceStorage\d12993da568a089f16ae6b2385ccd566\redhat.java         {manageable} {command line}
   size_t InitialHeapSize                          = 104857600                                 {product} {command line}
   size_t MaxHeapSize                              = 2147483648                                {product} {command line}
   size_t MaxNewSize                               = 715653120                                 {product} {ergonomic}
   size_t MinHeapDeltaBytes                        = 524288                                    {product} {ergonomic}
   size_t MinHeapSize                              = 104857600                                 {product} {command line}
   size_t NewSize                                  = 34603008                                  {product} {ergonomic}
    uintx NonNMethodCodeHeapSize                   = 7602480                                {pd product} {ergonomic}
    uintx NonProfiledCodeHeapSize                  = 122027880                              {pd product} {ergonomic}
   size_t OldSize                                  = 70254592                                  {product} {ergonomic}
    uintx ProfiledCodeHeapSize                     = 122027880                              {pd product} {ergonomic}
    uintx ReservedCodeCacheSize                    = 251658240                              {pd product} {ergonomic}
     bool SegmentedCodeCache                       = true                                      {product} {ergonomic}
   size_t SoftMaxHeapSize                          = 2147483648                             {manageable} {ergonomic}
     bool UseCompressedOops                        = true                           {product lp64_product} {ergonomic}
     bool UseLargePagesIndividualAllocation        = false                                  {pd product} {ergonomic}
     bool UseParallelGC                            = true                                      {product} {command line}

Logging:
Log output configuration:
 #0: stdout all=off uptime,level,tags foldmultilines=false
 #1: stderr all=off uptime,level,tags foldmultilines=false

Environment Variables:
JAVA_HOME=C:\Program Files\Java\jdk-20
CLASSPATH=D:\LINGO64_21\Lingo21.jar
PATH=C:\Program Files\Common Files\Oracle\Java\javapath;D:\VMware Workstation Player\bin\;C:\Program Files (x86)\Common Files\Oracle\Java\javapath;C:\WINDOWS\system32;C:\WINDOWS;C:\WINDOWS\System32\Wbem;C:\WINDOWS\System32\WindowsPowerShell\v1.0\;C:\WINDOWS\System32\OpenSSH\;D:\Git\cmd;C:\Program Files\Java\jdk-20\bin;C:\Program Files\Calibre2\;C:\Program Files (x86)\Microsoft SQL Server\160\Tools\Binn\;C:\Program Files\Microsoft SQL Server\160\Tools\Binn\;C:\Program Files\Microsoft SQL Server\Client SDK\ODBC\170\Tools\Binn\;C:\Program Files\Microsoft SQL Server\160\DTS\Binn\;C:\Program Files\Azure Data Studio\bin;C:\Program Files (x86)\Microsoft SQL Server\160\DTS\Binn\;C:\xampp\php;D:\LINGO64_21\;C:\Program Files\Docker\Docker\resources\bin;D:\Node.js®\;C:\Program Files\MySQL\MySQL Shell 8.0\bin\;C:\Users\Canopus\AppData\Local\Programs\Python\Python312\Scripts\;C:\Users\Canopus\AppData\Local\Programs\Python\Python312\;C:\Users\Canopus\AppData\Local\Microsoft\WindowsApps;D:\Visual Studio Code\bin;C:\Program Files\Azure Data Studio\bin;C:\Users\Canopus\AppData\Roaming\Programs\Zero Install;C:\Users\Canopus\AppData\Local\Programs\cursor\resources\app\bin;C:\Users\Canopus\AppData\Local\GitHubDesktop\bin;C:\Users\Canopus\AppData\Local\Microsoft\WindowsApps;D:\Kiro\bin;C:\Users\Canopus\AppData\Roaming\npm;C:\Users\Canopus\AppData\Roaming\Python\Scripts;C:\Users\Canopus\AppData\Roaming\Python\Python312\Scripts;
USERNAME=Canopus
OS=Windows_NT
PROCESSOR_IDENTIFIER=AMD64 Family 23 Model 104 Stepping 1, AuthenticAMD
TMP=C:\Users\Canopus\AppData\Local\Temp
TEMP=C:\Users\Canopus\AppData\Local\Temp




Periodic native trim disabled

---------------  S Y S T E M  ---------------

OS:
 Windows 11 , 64 bit Build 26100 (10.0.26100.5074)
OS uptime: 0 days 22:26 hours
Hyper-V role detected

CPU: total 16 (initial active 16) (16 cores per cpu, 2 threads per core) family 23 model 104 stepping 1 microcode 0x8608102, cx8, cmov, fxsr, ht, mmx, 3dnowpref, sse, sse2, sse3, ssse3, sse4a, sse4.1, sse4.2, popcnt, lzcnt, tsc, tscinvbit, avx, avx2, aes, clmul, bmi1, bmi2, adx, sha, fma, vzeroupper, clflush, clflushopt, hv, rdtscp, rdpid, f16c
Processor Information for the first 16 processors :
  Max Mhz: 1801, Current Mhz: 1801, Mhz Limit: 1801

Memory: 4k page, system-wide physical 14197M (1104M free)
TotalPageFile size 24197M (AvailPageFile size 16M)
current process WorkingSet (physical memory assigned to process): 239M, peak: 245M
current process commit charge ("private bytes"): 372M, peak: 376M

vm_info: OpenJDK 64-Bit Server VM (21.0.8+9-LTS) for windows-amd64 JRE (21.0.8+9-LTS), built on 2025-07-15T00:00:00Z by "admin" with MS VC++ 17.7 (VS2022)

END.
